<?xml version="1.0" encoding="UTF-8"?>
<testng-results ignored="0" total="1" passed="1" failed="0" skipped="0">
  <reporter-output>
  </reporter-output>
  <suite started-at="2021-12-12T09:47:55 IST" name="Default suite" finished-at="2021-12-12T09:47:55 IST" duration-ms="42">
    <groups>
    </groups>
    <test started-at="2021-12-12T09:47:55 IST" name="Default test" finished-at="2021-12-12T09:47:55 IST" duration-ms="42">
      <class name="com.crm.comcast.conatctTest.Data">
        <test-method signature="getDate()[pri:0, instance:com.crm.comcast.conatctTest.Data@247d8ae]" started-at="2021-12-12T09:47:55 IST" name="getDate" finished-at="2021-12-12T09:47:55 IST" duration-ms="16" status="PASS">
          <reporter-output>
          </reporter-output>
        </test-method> <!-- getDate -->
      </class> <!-- com.crm.comcast.conatctTest.Data -->
    </test> <!-- Default test -->
  </suite> <!-- Default suite -->
</testng-results>
