<?xml version="1.0" encoding="UTF-8"?>
<!-- Generated by org.testng.reporters.JUnitXMLReporter -->
<testsuite ignored="0" hostname="LAPTOP-SO7U3JNL" failures="2" tests="2" name="Testrunner-2" time="45.027" errors="0" timestamp="2021-12-06T15:29:52 IST">
  <testcase classname="com.crm.comcast.organaizationtest.CreateOrganizationTest" name="createOrganizationTest" time="14.793">
    <failure type="java.lang.AssertionError" message="expected [Google_902] but found [[ ACC181 ] Google_902 - Organization Information]">
      <![CDATA[java.lang.AssertionError: expected [Google_902] but found [[ ACC181 ] Google_902 - Organization Information]
at com.crm.comcast.organaizationtest.CreateOrganizationTest.createOrganizationTest(CreateOrganizationTest.java:55)
at java.base/java.util.ArrayList.forEach(ArrayList.java:1511)
at java.base/java.util.concurrent.FutureTask.run(FutureTask.java:264)
at java.base/java.util.concurrent.ThreadPoolExecutor.runWorker(ThreadPoolExecutor.java:1130)
at java.base/java.util.concurrent.ThreadPoolExecutor$Worker.run(ThreadPoolExecutor.java:630)
at java.base/java.lang.Thread.run(Thread.java:831)
... Removed 24 stack frames]]>
    </failure>
  </testcase> <!-- createOrganizationTest -->
  <testcase classname="com.crm.comcast.organaizationtest.CreateOrganizationTest" name="createOrganization_With_Industries_And_Type_Test" time="14.584">
    <failure type="java.lang.AssertionError" message="expected [Amazon_3622] but found [[ ACC183 ] Amazon_3622 - Organization Information]">
      <![CDATA[java.lang.AssertionError: expected [Amazon_3622] but found [[ ACC183 ] Amazon_3622 - Organization Information]
at com.crm.comcast.organaizationtest.CreateOrganizationTest.createOrganization_With_Industries_And_Type_Test(CreateOrganizationTest.java:78)
at java.base/java.util.ArrayList.forEach(ArrayList.java:1511)
at java.base/java.util.concurrent.FutureTask.run(FutureTask.java:264)
at java.base/java.util.concurrent.ThreadPoolExecutor.runWorker(ThreadPoolExecutor.java:1130)
at java.base/java.util.concurrent.ThreadPoolExecutor$Worker.run(ThreadPoolExecutor.java:630)
at java.base/java.lang.Thread.run(Thread.java:831)
... Removed 24 stack frames]]>
    </failure>
  </testcase> <!-- createOrganization_With_Industries_And_Type_Test -->
</testsuite> <!-- Testrunner-2 -->
