<?xml version="1.0" encoding="UTF-8"?>
<!-- Generated by org.testng.reporters.JUnitXMLReporter -->
<testsuite ignored="0" hostname="LAPTOP-SO7U3JNL" failures="0" tests="2" name="Testrunner-2-firefox" time="40.238" errors="0" timestamp="2021-12-05T22:55:15 IST">
  <testcase classname="com.crm.comcast.organaizationtest.CreateOrganizationTest" name="createOrganizationTest" time="12.112"/>
  <testcase classname="com.crm.comcast.organaizationtest.CreateOrganizationTest" name="createOrganization_With_Industries_And_Type_Test" time="13.501"/>
</testsuite> <!-- Testrunner-2-firefox -->
