<?xml version="1.0" encoding="UTF-8"?>
<!-- Generated by org.testng.reporters.JUnitXMLReporter -->
<testsuite ignored="5" hostname="LAPTOP-SO7U3JNL" failures="0" tests="2" name="Test" time="23.676" errors="0" timestamp="2021-12-05T20:09:26 IST">
  <testcase classname="com.crm.comcast.conatctTest.CreateContactTest" name="createContact_Support_DateTest" time="6.183"/>
  <testcase classname="com.crm.comcast.organaizationtest.CreateOrganizationTest" name="createOrganization_With_Industries_And_Type_Test" time="6.831"/>
  <testcase classname="com.crm.comcast.genericutility.BaseAnnotationClass" name="@BeforeSuite configBS" time="0.0">
    <ignored/>
  </testcase> <!-- @BeforeSuite configBS -->
  <testcase classname="com.crm.comcast.organaizationtest.CreateOrganizationTest" name="createOrganizationTest" time="0.0">
    <ignored/>
  </testcase> <!-- createOrganizationTest -->
  <testcase classname="com.crm.comcast.genericutility.BaseAnnotationClass" name="@AfterSuite configAs" time="0.0">
    <ignored/>
  </testcase> <!-- @AfterSuite configAs -->
  <testcase classname="com.crm.comcast.conatctTest.CreateContactTest" name="createConatctWithOrgTest" time="0.0">
    <ignored/>
  </testcase> <!-- createConatctWithOrgTest -->
  <testcase classname="com.crm.comcast.conatctTest.CreateContactTest" name="createContactTest" time="0.0">
    <ignored/>
  </testcase> <!-- createContactTest -->
</testsuite> <!-- Test -->
