<?xml version="1.0" encoding="UTF-8"?>
<!-- Generated by org.testng.reporters.JUnitXMLReporter -->
<testsuite ignored="0" hostname="DESKTOP-8S455D7" failures="0" tests="5" name="Test" time="107.913" errors="0" timestamp="2021-12-02T13:17:19 IST">
  <testcase classname="com.crm.comcast.conatctTest.CreateConatctWithOrgTest" name="createConatctWithOrgTest" time="29.545"/>
  <testcase classname="com.crm.comcast.conatctTest.CreateContactTest" name="createContactTest" time="19.688"/>
  <testcase classname="com.crm.comcast.organaizationtest.CreateOrganization_With_Industries_And_Type_Test" name="createOrganization_With_Industries_And_Type_Test" time="19.97"/>
  <testcase classname="com.crm.comcast.conatctTest.CreateContact_Support_DateTest" name="createContact_Support_DateTest" time="19.22"/>
  <testcase classname="com.crm.comcast.organaizationtest.CreateOrganizationTest" name="createOrganizationTest" time="19.398"/>
</testsuite> <!-- Test -->
