<?xml version="1.0" encoding="UTF-8"?>
<!-- Generated by org.testng.reporters.JUnitXMLReporter -->
<testsuite ignored="2" hostname="LAPTOP-SO7U3JNL" failures="0" tests="5" name="Test" time="112.052" errors="0" timestamp="2021-12-07T10:01:12 IST">
  <testcase classname="com.crm.comcast.conatctTest.CreateContactTest" name="createConatctWithOrgTest" time="25.504"/>
  <testcase classname="com.crm.comcast.conatctTest.CreateContactTest" name="createContactTest" time="12.904"/>
  <testcase classname="com.crm.comcast.conatctTest.CreateContactTest" name="createContact_Support_DateTest" time="12.235"/>
  <testcase classname="com.crm.comcast.organaizationtest.CreateOrganizationTest" name="createOrganizationTest" time="12.717"/>
  <testcase classname="com.crm.comcast.organaizationtest.CreateOrganizationTest" name="createOrganization_With_Industries_And_Type_Test" time="13.143"/>
  <testcase classname="com.crm.comcast.genericutility.BaseAnnotationClass" name="@BeforeSuite configBS" time="0.0">
    <ignored/>
  </testcase> <!-- @BeforeSuite configBS -->
  <testcase classname="com.crm.comcast.genericutility.BaseAnnotationClass" name="@AfterSuite configAs" time="0.0">
    <ignored/>
  </testcase> <!-- @AfterSuite configAs -->
</testsuite> <!-- Test -->
